<?xml version="1.0" encoding="UTF-8"?>
<testng-results skipped="1" failed="3" ignored="0" total="4" passed="0">
  <reporter-output>
  </reporter-output>
  <suite name="Suite" duration-ms="164045" started-at="2018-08-22T14:08:11Z" finished-at="2018-08-22T14:10:55Z">
    <groups>
    </groups>
    <test name="Test2" duration-ms="48" started-at="2018-08-22T14:08:11Z" finished-at="2018-08-22T14:08:11Z">
      <class name="nbc_testcases.TC010_Article_w_Advanced_tagging_HTML_Module">
        <test-method status="PASS" signature="beforeTest()[pri:0, instance:nbc_testcases.TC010_Article_w_Advanced_tagging_HTML_Module@2fd66ad3]" name="beforeTest" is-config="true" duration-ms="0" started-at="2018-08-22T14:08:11Z" finished-at="2018-08-22T14:08:11Z">
          <reporter-output>
          </reporter-output>
        </test-method> <!-- beforeTest -->
        <test-method status="PASS" signature="setData()[pri:0, instance:nbc_testcases.TC010_Article_w_Advanced_tagging_HTML_Module@2fd66ad3]" name="setData" is-config="true" duration-ms="0" started-at="2018-08-22T14:08:11Z" finished-at="2018-08-22T14:08:11Z">
          <reporter-output>
          </reporter-output>
        </test-method> <!-- setData -->
        <test-method status="FAIL" signature="beforeMethod(java.lang.String)[pri:0, instance:nbc_testcases.TC010_Article_w_Advanced_tagging_HTML_Module@2fd66ad3]" name="beforeMethod" is-config="true" duration-ms="0" started-at="2018-08-22T14:08:11Z" finished-at="2018-08-22T14:08:11Z">
          <exception class="org.testng.TestNGException">
            <message>
              <![CDATA[
Parameter 'browser' is required by BeforeMethod on method beforeMethod but has not been marked @Optional or defined
in /Users/tringapps-admin/Documents/GitHub/NBC_Automation/Nbc_Automation/TC010.xml]]>
            </message>
            <full-stacktrace>
              <![CDATA[org.testng.TestNGException: 
Parameter 'browser' is required by BeforeMethod on method beforeMethod but has not been marked @Optional or defined
in /Users/tringapps-admin/Documents/GitHub/NBC_Automation/Nbc_Automation/TC010.xml
at org.testng.internal.Parameters.createParams(Parameters.java:290)
at org.testng.internal.Parameters.createParametersForMethod(Parameters.java:359)
at org.testng.internal.Parameters.createParameters(Parameters.java:620)
at org.testng.internal.Parameters.createConfigurationParameters(Parameters.java:190)
at org.testng.internal.Invoker.invokeConfigurations(Invoker.java:209)
at org.testng.internal.Invoker.invokeMethod(Invoker.java:520)
at org.testng.internal.Invoker.invokeTestMethod(Invoker.java:716)
at org.testng.internal.Invoker.invokeTestMethods(Invoker.java:988)
at org.testng.internal.TestMethodWorker.invokeTestMethods(TestMethodWorker.java:125)
at org.testng.internal.TestMethodWorker.run(TestMethodWorker.java:109)
at org.testng.TestRunner.privateRun(TestRunner.java:648)
at org.testng.TestRunner.run(TestRunner.java:505)
at org.testng.SuiteRunner.runTest(SuiteRunner.java:455)
at org.testng.SuiteRunner.access$000(SuiteRunner.java:40)
at org.testng.SuiteRunner$SuiteWorker.run(SuiteRunner.java:489)
at org.testng.internal.thread.ThreadUtil$1.call(ThreadUtil.java:52)
at java.util.concurrent.FutureTask.run(FutureTask.java:266)
at java.util.concurrent.ThreadPoolExecutor.runWorker(ThreadPoolExecutor.java:1149)
at java.util.concurrent.ThreadPoolExecutor$Worker.run(ThreadPoolExecutor.java:624)
at java.lang.Thread.run(Thread.java:748)
]]>
            </full-stacktrace>
          </exception> <!-- org.testng.TestNGException -->
          <reporter-output>
          </reporter-output>
        </test-method> <!-- beforeMethod -->
        <test-method status="SKIP" signature="NbcPage()[pri:0, instance:nbc_testcases.TC010_Article_w_Advanced_tagging_HTML_Module@2fd66ad3]" name="NbcPage" duration-ms="0" started-at="2018-08-22T14:08:11Z" finished-at="2018-08-22T14:08:11Z">
          <exception class="org.testng.TestNGException">
            <message>
              <![CDATA[
Parameter 'browser' is required by BeforeMethod on method beforeMethod but has not been marked @Optional or defined
in /Users/tringapps-admin/Documents/GitHub/NBC_Automation/Nbc_Automation/TC010.xml]]>
            </message>
            <full-stacktrace>
              <![CDATA[org.testng.TestNGException: 
Parameter 'browser' is required by BeforeMethod on method beforeMethod but has not been marked @Optional or defined
in /Users/tringapps-admin/Documents/GitHub/NBC_Automation/Nbc_Automation/TC010.xml
at org.testng.internal.Parameters.createParams(Parameters.java:290)
at org.testng.internal.Parameters.createParametersForMethod(Parameters.java:359)
at org.testng.internal.Parameters.createParameters(Parameters.java:620)
at org.testng.internal.Parameters.createConfigurationParameters(Parameters.java:190)
at org.testng.internal.Invoker.invokeConfigurations(Invoker.java:209)
at org.testng.internal.Invoker.invokeMethod(Invoker.java:520)
at org.testng.internal.Invoker.invokeTestMethod(Invoker.java:716)
at org.testng.internal.Invoker.invokeTestMethods(Invoker.java:988)
at org.testng.internal.TestMethodWorker.invokeTestMethods(TestMethodWorker.java:125)
at org.testng.internal.TestMethodWorker.run(TestMethodWorker.java:109)
at org.testng.TestRunner.privateRun(TestRunner.java:648)
at org.testng.TestRunner.run(TestRunner.java:505)
at org.testng.SuiteRunner.runTest(SuiteRunner.java:455)
at org.testng.SuiteRunner.access$000(SuiteRunner.java:40)
at org.testng.SuiteRunner$SuiteWorker.run(SuiteRunner.java:489)
at org.testng.internal.thread.ThreadUtil$1.call(ThreadUtil.java:52)
at java.util.concurrent.FutureTask.run(FutureTask.java:266)
at java.util.concurrent.ThreadPoolExecutor.runWorker(ThreadPoolExecutor.java:1149)
at java.util.concurrent.ThreadPoolExecutor$Worker.run(ThreadPoolExecutor.java:624)
at java.lang.Thread.run(Thread.java:748)
]]>
            </full-stacktrace>
          </exception> <!-- org.testng.TestNGException -->
          <reporter-output>
          </reporter-output>
        </test-method> <!-- NbcPage -->
        <test-method status="SKIP" signature="afterMethod()[pri:0, instance:nbc_testcases.TC010_Article_w_Advanced_tagging_HTML_Module@2fd66ad3]" name="afterMethod" is-config="true" duration-ms="0" started-at="2018-08-22T14:08:11Z" finished-at="2018-08-22T14:08:11Z">
          <reporter-output>
          </reporter-output>
        </test-method> <!-- afterMethod -->
        <test-method status="SKIP" signature="afterTest()[pri:0, instance:nbc_testcases.TC010_Article_w_Advanced_tagging_HTML_Module@2fd66ad3]" name="afterTest" is-config="true" duration-ms="0" started-at="2018-08-22T14:08:11Z" finished-at="2018-08-22T14:08:11Z">
          <reporter-output>
          </reporter-output>
        </test-method> <!-- afterTest -->
      </class> <!-- nbc_testcases.TC010_Article_w_Advanced_tagging_HTML_Module -->
    </test> <!-- Test2 -->
    <test name="Test3" duration-ms="162963" started-at="2018-08-22T14:08:11Z" finished-at="2018-08-22T14:10:54Z">
      <class name="nbc_testcases.TC010_Article_w_Advanced_tagging_HTML_Module">
        <test-method status="PASS" signature="beforeTest()[pri:0, instance:nbc_testcases.TC010_Article_w_Advanced_tagging_HTML_Module@15bfd87]" name="beforeTest" is-config="true" duration-ms="0" started-at="2018-08-22T14:08:11Z" finished-at="2018-08-22T14:08:11Z">
          <reporter-output>
          </reporter-output>
        </test-method> <!-- beforeTest -->
        <test-method status="PASS" signature="setData()[pri:0, instance:nbc_testcases.TC010_Article_w_Advanced_tagging_HTML_Module@15bfd87]" name="setData" is-config="true" duration-ms="0" started-at="2018-08-22T14:08:11Z" finished-at="2018-08-22T14:08:11Z">
          <reporter-output>
          </reporter-output>
        </test-method> <!-- setData -->
        <test-method status="PASS" signature="beforeMethod(java.lang.String)[pri:0, instance:nbc_testcases.TC010_Article_w_Advanced_tagging_HTML_Module@15bfd87]" name="beforeMethod" is-config="true" duration-ms="71641" started-at="2018-08-22T14:08:11Z" finished-at="2018-08-22T14:09:23Z">
          <params>
            <param index="0">
              <value>
                <![CDATA[Edge]]>
              </value>
            </param>
          </params>
          <reporter-output>
          </reporter-output>
        </test-method> <!-- beforeMethod -->
        <test-method status="FAIL" signature="NbcPage()[pri:0, instance:nbc_testcases.TC010_Article_w_Advanced_tagging_HTML_Module@15bfd87]" name="NbcPage" duration-ms="91296" started-at="2018-08-22T14:09:23Z" finished-at="2018-08-22T14:10:54Z">
          <exception class="java.lang.RuntimeException">
            <message>
              <![CDATA[FAILED]]>
            </message>
            <full-stacktrace>
              <![CDATA[java.lang.RuntimeException: FAILED
at utils.Reporter.reportStep(Reporter.java:34)
at utils.Reporter.reportStep(Reporter.java:44)
at wdMethods.SeMethods.click(SeMethods.java:289)
at nbc_pages.NbcPage.clickframe(NbcPage.java:239)
at nbc_testcases.TC010_Article_w_Advanced_tagging_HTML_Module.NbcPage(TC010_Article_w_Advanced_tagging_HTML_Module.java:26)
at sun.reflect.NativeMethodAccessorImpl.invoke0(Native Method)
at sun.reflect.NativeMethodAccessorImpl.invoke(NativeMethodAccessorImpl.java:62)
at sun.reflect.DelegatingMethodAccessorImpl.invoke(DelegatingMethodAccessorImpl.java:43)
at java.lang.reflect.Method.invoke(Method.java:498)
at org.testng.internal.MethodInvocationHelper.invokeMethod(MethodInvocationHelper.java:124)
at org.testng.internal.Invoker.invokeMethod(Invoker.java:580)
at org.testng.internal.Invoker.invokeTestMethod(Invoker.java:716)
at org.testng.internal.Invoker.invokeTestMethods(Invoker.java:988)
at org.testng.internal.TestMethodWorker.invokeTestMethods(TestMethodWorker.java:125)
at org.testng.internal.TestMethodWorker.run(TestMethodWorker.java:109)
at org.testng.TestRunner.privateRun(TestRunner.java:648)
at org.testng.TestRunner.run(TestRunner.java:505)
at org.testng.SuiteRunner.runTest(SuiteRunner.java:455)
at org.testng.SuiteRunner.access$000(SuiteRunner.java:40)
at org.testng.SuiteRunner$SuiteWorker.run(SuiteRunner.java:489)
at org.testng.internal.thread.ThreadUtil$1.call(ThreadUtil.java:52)
at java.util.concurrent.FutureTask.run(FutureTask.java:266)
at java.util.concurrent.ThreadPoolExecutor.runWorker(ThreadPoolExecutor.java:1149)
at java.util.concurrent.ThreadPoolExecutor$Worker.run(ThreadPoolExecutor.java:624)
at java.lang.Thread.run(Thread.java:748)
]]>
            </full-stacktrace>
          </exception> <!-- java.lang.RuntimeException -->
          <reporter-output>
          </reporter-output>
        </test-method> <!-- NbcPage -->
        <test-method status="PASS" signature="afterTest()[pri:0, instance:nbc_testcases.TC010_Article_w_Advanced_tagging_HTML_Module@15bfd87]" name="afterTest" is-config="true" duration-ms="0" started-at="2018-08-22T14:10:54Z" finished-at="2018-08-22T14:10:54Z">
          <reporter-output>
          </reporter-output>
        </test-method> <!-- afterTest -->
        <test-method status="PASS" signature="afterMethod()[pri:0, instance:nbc_testcases.TC010_Article_w_Advanced_tagging_HTML_Module@15bfd87]" name="afterMethod" is-config="true" duration-ms="0" started-at="2018-08-22T14:10:54Z" finished-at="2018-08-22T14:10:54Z">
          <reporter-output>
          </reporter-output>
        </test-method> <!-- afterMethod -->
      </class> <!-- nbc_testcases.TC010_Article_w_Advanced_tagging_HTML_Module -->
    </test> <!-- Test3 -->
    <test name="Test1" duration-ms="162906" started-at="2018-08-22T14:08:11Z" finished-at="2018-08-22T14:10:54Z">
      <class name="nbc_testcases.TC010_Article_w_Advanced_tagging_HTML_Module">
        <test-method status="PASS" signature="beforeTest()[pri:0, instance:nbc_testcases.TC010_Article_w_Advanced_tagging_HTML_Module@8b87145]" name="beforeTest" is-config="true" duration-ms="1" started-at="2018-08-22T14:08:11Z" finished-at="2018-08-22T14:08:11Z">
          <reporter-output>
          </reporter-output>
        </test-method> <!-- beforeTest -->
        <test-method status="PASS" signature="setData()[pri:0, instance:nbc_testcases.TC010_Article_w_Advanced_tagging_HTML_Module@8b87145]" name="setData" is-config="true" duration-ms="0" started-at="2018-08-22T14:08:11Z" finished-at="2018-08-22T14:08:11Z">
          <reporter-output>
          </reporter-output>
        </test-method> <!-- setData -->
        <test-method status="PASS" signature="beforeMethod(java.lang.String)[pri:0, instance:nbc_testcases.TC010_Article_w_Advanced_tagging_HTML_Module@8b87145]" name="beforeMethod" is-config="true" duration-ms="71642" started-at="2018-08-22T14:08:11Z" finished-at="2018-08-22T14:09:23Z">
          <params>
            <param index="0">
              <value>
                <![CDATA[Firefox]]>
              </value>
            </param>
          </params>
          <reporter-output>
          </reporter-output>
        </test-method> <!-- beforeMethod -->
        <test-method status="FAIL" signature="NbcPage()[pri:0, instance:nbc_testcases.TC010_Article_w_Advanced_tagging_HTML_Module@8b87145]" name="NbcPage" duration-ms="90759" started-at="2018-08-22T14:09:23Z" finished-at="2018-08-22T14:10:54Z">
          <exception class="java.lang.RuntimeException">
            <message>
              <![CDATA[FAILED]]>
            </message>
            <full-stacktrace>
              <![CDATA[java.lang.RuntimeException: FAILED
at utils.Reporter.reportStep(Reporter.java:34)
at utils.Reporter.reportStep(Reporter.java:44)
at wdMethods.SeMethods.click(SeMethods.java:289)
at nbc_pages.NbcPage.clickframe(NbcPage.java:239)
at nbc_testcases.TC010_Article_w_Advanced_tagging_HTML_Module.NbcPage(TC010_Article_w_Advanced_tagging_HTML_Module.java:26)
at sun.reflect.NativeMethodAccessorImpl.invoke0(Native Method)
at sun.reflect.NativeMethodAccessorImpl.invoke(NativeMethodAccessorImpl.java:62)
at sun.reflect.DelegatingMethodAccessorImpl.invoke(DelegatingMethodAccessorImpl.java:43)
at java.lang.reflect.Method.invoke(Method.java:498)
at org.testng.internal.MethodInvocationHelper.invokeMethod(MethodInvocationHelper.java:124)
at org.testng.internal.Invoker.invokeMethod(Invoker.java:580)
at org.testng.internal.Invoker.invokeTestMethod(Invoker.java:716)
at org.testng.internal.Invoker.invokeTestMethods(Invoker.java:988)
at org.testng.internal.TestMethodWorker.invokeTestMethods(TestMethodWorker.java:125)
at org.testng.internal.TestMethodWorker.run(TestMethodWorker.java:109)
at org.testng.TestRunner.privateRun(TestRunner.java:648)
at org.testng.TestRunner.run(TestRunner.java:505)
at org.testng.SuiteRunner.runTest(SuiteRunner.java:455)
at org.testng.SuiteRunner.access$000(SuiteRunner.java:40)
at org.testng.SuiteRunner$SuiteWorker.run(SuiteRunner.java:489)
at org.testng.internal.thread.ThreadUtil$1.call(ThreadUtil.java:52)
at java.util.concurrent.FutureTask.run(FutureTask.java:266)
at java.util.concurrent.ThreadPoolExecutor.runWorker(ThreadPoolExecutor.java:1149)
at java.util.concurrent.ThreadPoolExecutor$Worker.run(ThreadPoolExecutor.java:624)
at java.lang.Thread.run(Thread.java:748)
]]>
            </full-stacktrace>
          </exception> <!-- java.lang.RuntimeException -->
          <reporter-output>
          </reporter-output>
        </test-method> <!-- NbcPage -->
        <test-method status="PASS" signature="afterMethod()[pri:0, instance:nbc_testcases.TC010_Article_w_Advanced_tagging_HTML_Module@8b87145]" name="afterMethod" is-config="true" duration-ms="477" started-at="2018-08-22T14:10:54Z" finished-at="2018-08-22T14:10:54Z">
          <reporter-output>
          </reporter-output>
        </test-method> <!-- afterMethod -->
        <test-method status="PASS" signature="afterTest()[pri:0, instance:nbc_testcases.TC010_Article_w_Advanced_tagging_HTML_Module@8b87145]" name="afterTest" is-config="true" duration-ms="0" started-at="2018-08-22T14:10:54Z" finished-at="2018-08-22T14:10:54Z">
          <reporter-output>
          </reporter-output>
        </test-method> <!-- afterTest -->
      </class> <!-- nbc_testcases.TC010_Article_w_Advanced_tagging_HTML_Module -->
    </test> <!-- Test1 -->
    <test name="Test4" duration-ms="164043" started-at="2018-08-22T14:08:11Z" finished-at="2018-08-22T14:10:55Z">
      <class name="nbc_testcases.TC010_Article_w_Advanced_tagging_HTML_Module">
        <test-method status="PASS" signature="beforeSuite()[pri:0, instance:nbc_testcases.TC010_Article_w_Advanced_tagging_HTML_Module@43d7741f]" name="beforeSuite" is-config="true" duration-ms="2299" started-at="2018-08-22T14:08:09Z" finished-at="2018-08-22T14:08:11Z">
          <reporter-output>
          </reporter-output>
        </test-method> <!-- beforeSuite -->
        <test-method status="PASS" signature="beforeTest()[pri:0, instance:nbc_testcases.TC010_Article_w_Advanced_tagging_HTML_Module@43d7741f]" name="beforeTest" is-config="true" duration-ms="1" started-at="2018-08-22T14:08:11Z" finished-at="2018-08-22T14:08:11Z">
          <reporter-output>
          </reporter-output>
        </test-method> <!-- beforeTest -->
        <test-method status="PASS" signature="setData()[pri:0, instance:nbc_testcases.TC010_Article_w_Advanced_tagging_HTML_Module@43d7741f]" name="setData" is-config="true" duration-ms="0" started-at="2018-08-22T14:08:11Z" finished-at="2018-08-22T14:08:11Z">
          <reporter-output>
          </reporter-output>
        </test-method> <!-- setData -->
        <test-method status="PASS" signature="beforeMethod(java.lang.String)[pri:0, instance:nbc_testcases.TC010_Article_w_Advanced_tagging_HTML_Module@43d7741f]" name="beforeMethod" is-config="true" duration-ms="71642" started-at="2018-08-22T14:08:11Z" finished-at="2018-08-22T14:09:23Z">
          <params>
            <param index="0">
              <value>
                <![CDATA[Safari]]>
              </value>
            </param>
          </params>
          <reporter-output>
          </reporter-output>
        </test-method> <!-- beforeMethod -->
        <test-method status="FAIL" signature="NbcPage()[pri:0, instance:nbc_testcases.TC010_Article_w_Advanced_tagging_HTML_Module@43d7741f]" name="NbcPage" duration-ms="92376" started-at="2018-08-22T14:09:23Z" finished-at="2018-08-22T14:10:55Z">
          <exception class="java.lang.RuntimeException">
            <message>
              <![CDATA[FAILED]]>
            </message>
            <full-stacktrace>
              <![CDATA[java.lang.RuntimeException: FAILED
at utils.Reporter.reportStep(Reporter.java:34)
at utils.Reporter.reportStep(Reporter.java:44)
at wdMethods.SeMethods.click(SeMethods.java:289)
at nbc_pages.NbcPage.clickframe(NbcPage.java:239)
at nbc_testcases.TC010_Article_w_Advanced_tagging_HTML_Module.NbcPage(TC010_Article_w_Advanced_tagging_HTML_Module.java:26)
at sun.reflect.NativeMethodAccessorImpl.invoke0(Native Method)
at sun.reflect.NativeMethodAccessorImpl.invoke(NativeMethodAccessorImpl.java:62)
at sun.reflect.DelegatingMethodAccessorImpl.invoke(DelegatingMethodAccessorImpl.java:43)
at java.lang.reflect.Method.invoke(Method.java:498)
at org.testng.internal.MethodInvocationHelper.invokeMethod(MethodInvocationHelper.java:124)
at org.testng.internal.Invoker.invokeMethod(Invoker.java:580)
at org.testng.internal.Invoker.invokeTestMethod(Invoker.java:716)
at org.testng.internal.Invoker.invokeTestMethods(Invoker.java:988)
at org.testng.internal.TestMethodWorker.invokeTestMethods(TestMethodWorker.java:125)
at org.testng.internal.TestMethodWorker.run(TestMethodWorker.java:109)
at org.testng.TestRunner.privateRun(TestRunner.java:648)
at org.testng.TestRunner.run(TestRunner.java:505)
at org.testng.SuiteRunner.runTest(SuiteRunner.java:455)
at org.testng.SuiteRunner.access$000(SuiteRunner.java:40)
at org.testng.SuiteRunner$SuiteWorker.run(SuiteRunner.java:489)
at org.testng.internal.thread.ThreadUtil$1.call(ThreadUtil.java:52)
at java.util.concurrent.FutureTask.run(FutureTask.java:266)
at java.util.concurrent.ThreadPoolExecutor.runWorker(ThreadPoolExecutor.java:1149)
at java.util.concurrent.ThreadPoolExecutor$Worker.run(ThreadPoolExecutor.java:624)
at java.lang.Thread.run(Thread.java:748)
]]>
            </full-stacktrace>
          </exception> <!-- java.lang.RuntimeException -->
          <reporter-output>
          </reporter-output>
        </test-method> <!-- NbcPage -->
        <test-method status="PASS" signature="afterMethod()[pri:0, instance:nbc_testcases.TC010_Article_w_Advanced_tagging_HTML_Module@43d7741f]" name="afterMethod" is-config="true" duration-ms="1" started-at="2018-08-22T14:10:55Z" finished-at="2018-08-22T14:10:55Z">
          <reporter-output>
          </reporter-output>
        </test-method> <!-- afterMethod -->
        <test-method status="PASS" signature="afterTest()[pri:0, instance:nbc_testcases.TC010_Article_w_Advanced_tagging_HTML_Module@43d7741f]" name="afterTest" is-config="true" duration-ms="0" started-at="2018-08-22T14:10:55Z" finished-at="2018-08-22T14:10:55Z">
          <reporter-output>
          </reporter-output>
        </test-method> <!-- afterTest -->
        <test-method status="PASS" signature="afterSuite()[pri:0, instance:nbc_testcases.TC010_Article_w_Advanced_tagging_HTML_Module@43d7741f]" name="afterSuite" is-config="true" duration-ms="760" started-at="2018-08-22T14:10:55Z" finished-at="2018-08-22T14:10:56Z">
          <reporter-output>
          </reporter-output>
        </test-method> <!-- afterSuite -->
      </class> <!-- nbc_testcases.TC010_Article_w_Advanced_tagging_HTML_Module -->
    </test> <!-- Test4 -->
  </suite> <!-- Suite -->
</testng-results>
