<?xml version="1.0" encoding="UTF-8"?>
<!-- Generated by org.testng.reporters.JUnitXMLReporter -->
<testsuite hostname="Tringapps-Admins-MacBook-Pro-2.local" ignored="0" name="Test4" tests="1" failures="1" timestamp="22 Aug 2018 14:34:54 GMT" time="107.593" errors="0">
  <testcase name="NbcPage" time="38.775" classname="nbc_testcases.TC003_Weather_module_appears_on_HP_and_map_loads">
    <failure type="java.lang.RuntimeException" message="FAILED">
      <![CDATA[java.lang.RuntimeException: FAILED
at utils.Reporter.reportStep(Reporter.java:34)
at utils.Reporter.reportStep(Reporter.java:44)
at wdMethods.SeMethods.switchToFrame(SeMethods.java:470)
at nbc_pages.NbcPage.clickelewetheriframe(NbcPage.java:71)
at nbc_testcases.TC003_Weather_module_appears_on_HP_and_map_loads.NbcPage(TC003_Weather_module_appears_on_HP_and_map_loads.java:27)
at java.util.concurrent.FutureTask.run(FutureTask.java:266)
at java.util.concurrent.ThreadPoolExecutor.runWorker(ThreadPoolExecutor.java:1149)
at java.util.concurrent.ThreadPoolExecutor$Worker.run(ThreadPoolExecutor.java:624)
at java.lang.Thread.run(Thread.java:748)
... Removed 16 stack frames]]>
    </failure>
  </testcase> <!-- NbcPage -->
</testsuite> <!-- Test4 -->
