<?xml version="1.0" encoding="UTF-8"?>
<!-- Generated by org.testng.reporters.JUnitXMLReporter -->
<testsuite hostname="Tringapps-Admins-MacBook-Pro-2.local" ignored="0" name="Test2" tests="1" failures="0" timestamp="22 Aug 2018 14:33:07 GMT" time="0.077" errors="0">
  <testcase name="@BeforeMethod beforeMethod" time="0.0" classname="wdMethods.ProjectMethods">
    <failure type="org.testng.TestNGException" message="
Parameter &amp;apos;browser&amp;apos; is required by BeforeMethod on method beforeMethod but has not been marked @Optional or defined
in /Users/tringapps-admin/Documents/GitHub/NBC_Automation/Nbc_Automation/TC003.xml">
      <![CDATA[org.testng.TestNGException: 
Parameter 'browser' is required by BeforeMethod on method beforeMethod but has not been marked @Optional or defined
in /Users/tringapps-admin/Documents/GitHub/NBC_Automation/Nbc_Automation/TC003.xml
at java.util.concurrent.FutureTask.run(FutureTask.java:266)
at java.util.concurrent.ThreadPoolExecutor.runWorker(ThreadPoolExecutor.java:1149)
at java.util.concurrent.ThreadPoolExecutor$Worker.run(ThreadPoolExecutor.java:624)
at java.lang.Thread.run(Thread.java:748)
... Removed 16 stack frames]]>
    </failure>
  </testcase> <!-- @BeforeMethod beforeMethod -->
  <testcase name="@AfterMethod afterMethod" time="0.0" classname="wdMethods.ProjectMethods">
    <skipped/>
  </testcase> <!-- @AfterMethod afterMethod -->
  <testcase name="@AfterTest afterTest" time="0.0" classname="wdMethods.ProjectMethods">
    <skipped/>
  </testcase> <!-- @AfterTest afterTest -->
  <testcase name="NbcPage" time="0.0" classname="nbc_testcases.TC003_Weather_module_appears_on_HP_and_map_loads">
    <skipped/>
  </testcase> <!-- NbcPage -->
</testsuite> <!-- Test2 -->
