<?xml version="1.0" encoding="UTF-8"?>
<!-- Generated by org.testng.reporters.JUnitXMLReporter -->
<testsuite hostname="Tringapps-Admins-MacBook-Pro-2.local" ignored="0" name="Test1" tests="1" failures="1" timestamp="29 Aug 2018 09:41:34 GMT" time="43.532" errors="0">
  <testcase name="NbcPage" time="7.495" classname="nbc_testcases.TC001_Logo_is_clickable">
    <failure type="java.lang.RuntimeException" message="FAILED">
      <![CDATA[java.lang.RuntimeException: FAILED
at utils.Reporter.reportStep(Reporter.java:34)
at utils.Reporter.reportStep(Reporter.java:44)
at wdMethods.SeMethods.verifyTitle(SeMethods.java:389)
at nbc_pages.NbcPage.<init>(NbcPage.java:23)
at nbc_testcases.TC001_Logo_is_clickable.NbcPage(TC001_Logo_is_clickable.java:31)
at java.util.concurrent.FutureTask.run(FutureTask.java:266)
at java.util.concurrent.ThreadPoolExecutor.runWorker(ThreadPoolExecutor.java:1149)
at java.util.concurrent.ThreadPoolExecutor$Worker.run(ThreadPoolExecutor.java:624)
at java.lang.Thread.run(Thread.java:748)
... Removed 16 stack frames]]>
    </failure>
  </testcase> <!-- NbcPage -->
</testsuite> <!-- Test1 -->
