<?xml version="1.0" encoding="UTF-8"?>
<!-- Generated by org.testng.reporters.JUnitXMLReporter -->
<testsuite hostname="Tringapps-Admins-MacBook-Pro-2.local" ignored="0" name="Test3(failed)" tests="1" failures="1" timestamp="20 Aug 2018 11:58:08 GMT" time="258.62" errors="0">
  <testcase name="NbcPage" time="180.942" classname="nbc_testcases.TC002_Top_stories_playback_with_pre_roll">
    <failure type="java.lang.RuntimeException" message="FAILED">
      <![CDATA[java.lang.RuntimeException: FAILED
at utils.Reporter.reportStep(Reporter.java:34)
at utils.Reporter.reportStep(Reporter.java:44)
at wdMethods.SeMethods.click(SeMethods.java:226)
at nbc_pages.NbcPage.clickplayer(NbcPage.java:271)
at nbc_testcases.TC002_Top_stories_playback_with_pre_roll.NbcPage(TC002_Top_stories_playback_with_pre_roll.java:27)
at java.util.concurrent.FutureTask.run(FutureTask.java:266)
at java.util.concurrent.ThreadPoolExecutor.runWorker(ThreadPoolExecutor.java:1149)
at java.util.concurrent.ThreadPoolExecutor$Worker.run(ThreadPoolExecutor.java:624)
at java.lang.Thread.run(Thread.java:748)
... Removed 16 stack frames]]>
    </failure>
  </testcase> <!-- NbcPage -->
</testsuite> <!-- Test3(failed) -->
